<?xml version="1.0" encoding="UTF-8"?>
<!-- Generated by org.testng.reporters.JUnitXMLReporter -->
<testsuite hostname="Eshwar" ignored="0" name="Soft Assertion Test" tests="1" failures="1" timestamp="2021-06-07T17:15:29 IST" time="0.01" errors="0">
  <testcase name="validateTitles" time="0.006" classname="testNGFrameWorkBasics.TestCase3SoftAssertions">
    <failure type="java.lang.AssertionError" message="The following asserts failed:
	expected [Yahoo.com] but found [Google.com],
	TEst case failed due to conditions not met expected [false] but found [true]">
      <![CDATA[java.lang.AssertionError: The following asserts failed:
expected [Yahoo.com] but found [Google.com],
TEst case failed due to conditions not met expected [false] but found [true]
at testNGFrameWorkBasics.TestCase3SoftAssertions.validateTitles(TestCase3SoftAssertions.java:20)
at java.util.ArrayList.forEach(Unknown Source)
... Removed 29 stack frames]]>
    </failure>
  </testcase> <!-- validateTitles -->
</testsuite> <!-- Soft Assertion Test -->
