<?xml version="1.0" encoding="UTF-8"?>
<!-- Generated by org.testng.reporters.JUnitXMLReporter -->
<testsuite hostname="Eshwar" ignored="0" name="Assertion Test" tests="1" failures="1" timestamp="2021-05-25T17:21:56 IST" time="0.014" errors="0">
  <testcase name="validateTitles" time="0.006" classname="testNGFrameWorkBasics.TestCase2Assertions">
    <failure type="java.lang.AssertionError" message="expected [Yahoo.com] but found [Google.com]">
      <![CDATA[java.lang.AssertionError: expected [Yahoo.com] but found [Google.com]
at testNGFrameWorkBasics.TestCase2Assertions.validateTitles(TestCase2Assertions.java:17)
at java.util.ArrayList.forEach(Unknown Source)
... Removed 34 stack frames]]>
    </failure>
  </testcase> <!-- validateTitles -->
</testsuite> <!-- Assertion Test -->
