<?xml version="1.0" encoding="UTF-8"?>
<!-- Generated by org.testng.reporters.JUnitXMLReporter -->
<testsuite hostname="Eshwar" ignored="0" name="Dependency Test" tests="3" failures="1" timestamp="2021-05-25T17:23:12 IST" time="0.018" errors="0">
  <testcase name="doLogin" time="0.001" classname="testNGFrameWorkBasics2.TestCase4DependsOnMethods">
    <failure type="java.lang.AssertionError" message="TEst Case fail due to conditions not met">
      <![CDATA[java.lang.AssertionError: TEst Case fail due to conditions not met
at testNGFrameWorkBasics2.TestCase4DependsOnMethods.doLogin(TestCase4DependsOnMethods.java:12)
at java.util.ArrayList.forEach(Unknown Source)
... Removed 29 stack frames]]>
    </failure>
  </testcase> <!-- doLogin -->
  <testcase name="firstTestCase" time="0.0" classname="testNGFrameWorkBasics2.TestCase4DependsOnMethods">
    <skipped/>
  </testcase> <!-- firstTestCase -->
  <testcase name="doUserReg" time="0.0" classname="testNGFrameWorkBasics2.TestCase4DependsOnMethods">
    <skipped/>
  </testcase> <!-- doUserReg -->
</testsuite> <!-- Dependency Test -->
